<?xml version="1.0" encoding="UTF-8"?>
<!-- Generated by org.testng.reporters.JUnitReportReporter -->
<testsuite skipped="0" hostname="DESKTOP-1E2J1KB" name="org.example.testRunner.runners" tests="19" failures="3" timestamp="2022-07-14T22:41:17 EET" time="393.000" errors="1">
  <testcase name="runScenario" time="20.396" classname="org.example.testRunner.runners"/>
  <system-out/>
  <testcase name="runScenario" time="14.790" classname="org.example.testRunner.runners"/>
  <system-out/>
  <testcase name="runScenario" time="12.672" classname="org.example.testRunner.runners"/>
  <system-out/>
  <testcase name="runScenario" time="19.257" classname="org.example.testRunner.runners"/>
  <system-out/>
  <testcase name="runScenario" time="19.775" classname="org.example.testRunner.runners"/>
  <system-out/>
  <testcase name="runScenario" time="25.671" classname="org.example.testRunner.runners"/>
  <system-out/>
  <testcase name="runScenario" time="18.566" classname="org.example.testRunner.runners"/>
  <system-out/>
  <testcase name="runScenario" time="16.151" classname="org.example.testRunner.runners"/>
  <system-out/>
  <testcase name="runScenario" time="24.025" classname="org.example.testRunner.runners"/>
  <system-out/>
  <testcase name="runScenario" time="22.983" classname="org.example.testRunner.runners"/>
  <system-out/>
  <testcase name="runScenario" time="18.247" classname="org.example.testRunner.runners">
    <failure type="java.lang.AssertionError" message="The following asserts failed:
	The second slider is clickable but Nokia product is not displayed expected [true] but found [false]">
      <![CDATA[java.lang.AssertionError: The following asserts failed:
The second slider is clickable but Nokia product is not displayed expected [true] but found [false]
at org.testng.asserts.SoftAssert.assertAll(SoftAssert.java:46)
at org.testng.asserts.SoftAssert.assertAll(SoftAssert.java:30)
at org.example.stepDefs.D06_homeSlidersStepDef.second_slider_is_displayed(D06_homeSlidersStepDef.java:40)
at ✽.relative product of second slider should be displayed(file:///C:/Users/salma/IdeaProjects/demonopcommerce/src/main/resources/features/F06_homeSliders.feature:9)
]]>
    </failure>
  </testcase> <!-- runScenario -->
  <system-out/>
  <testcase name="runScenario" time="21.672" classname="org.example.testRunner.runners"/>
  <system-out/>
  <testcase name="runScenario" time="13.150" classname="org.example.testRunner.runners">
    <failure type="java.lang.AssertionError" message="The following asserts failed:
	The first slider is clickable but iphone product is not displayed expected [true] but found [false]">
      <![CDATA[java.lang.AssertionError: The following asserts failed:
The first slider is clickable but iphone product is not displayed expected [true] but found [false]
at org.testng.asserts.SoftAssert.assertAll(SoftAssert.java:46)
at org.testng.asserts.SoftAssert.assertAll(SoftAssert.java:30)
at org.example.stepDefs.D06_homeSlidersStepDef.first_slider_is_displayed(D06_homeSlidersStepDef.java:25)
at ✽.relative product of first slider should be displayed(file:///C:/Users/salma/IdeaProjects/demonopcommerce/src/main/resources/features/F06_homeSliders.feature:5)
]]>
    </failure>
  </testcase> <!-- runScenario -->
  <system-out/>
  <testcase name="runScenario" time="18.645" classname="org.example.testRunner.runners">
    <failure type="java.lang.AssertionError" message="The following asserts failed:
	expected [https://demo.nopcommerce.com/new-online-store-is-open] but found [https://demo.nopcommerce.com/news/rss/1]">
      <![CDATA[java.lang.AssertionError: The following asserts failed:
expected [https://demo.nopcommerce.com/new-online-store-is-open] but found [https://demo.nopcommerce.com/news/rss/1]
at org.testng.asserts.SoftAssert.assertAll(SoftAssert.java:46)
at org.testng.asserts.SoftAssert.assertAll(SoftAssert.java:30)
at org.example.stepDefs.D07_followUsStepDef.linkisopened(D07_followUsStepDef.java:66)
at ✽."https://demo.nopcommerce.com/new-online-store-is-open" is opened in new tab(file:///C:/Users/salma/IdeaProjects/demonopcommerce/src/main/resources/features/F07_followUs.feature:14)
]]>
    </failure>
  </testcase> <!-- runScenario -->
  <system-out/>
  <testcase name="runScenario" time="13.168" classname="org.example.testRunner.runners"/>
  <system-out/>
  <testcase name="runScenario" time="36.615" classname="org.example.testRunner.runners"/>
  <system-out/>
  <testcase name="runScenario" time="23.936" classname="org.example.testRunner.runners"/>
  <system-out/>
  <testcase name="runScenario" time="38.535" classname="org.example.testRunner.runners">
    <error type="org.openqa.selenium.NoSuchElementException" message="no such element: Unable to locate element: {&quot;method&quot;:&quot;css selector&quot;,&quot;selector&quot;:&quot;div[class=&quot;result&quot;]&quot;}
  (Session info: chrome=103.0.5060.114)
For documentation on this error, please visit: https://selenium.dev/exceptions/#no_such_element
Build info: version: &#039;4.3.0&#039;, revision: &#039;a4995e2c09*&#039;
System info: host: &#039;DESKTOP-1E2J1KB&#039;, ip: &#039;192.168.1.6&#039;, os.name: &#039;Windows 10&#039;, os.arch: &#039;amd64&#039;, os.version: &#039;10.0&#039;, java.version: &#039;1.8.0_271&#039;
Driver info: org.openqa.selenium.chrome.ChromeDriver
Command: [4bed6660ebed7ec2cb63b25badcdd7b7, findElement {using=css selector, value=div[class=&quot;result&quot;]}]
Capabilities {acceptInsecureCerts: false, browserName: chrome, browserVersion: 103.0.5060.114, chrome: {chromedriverVersion: 103.0.5060.53 (a1711811edd7..., userDataDir: C:\Users\salma\AppData\Loca...}, goog:chromeOptions: {debuggerAddress: localhost:60291}, networkConnectionEnabled: false, pageLoadStrategy: normal, platformName: WINDOWS, proxy: Proxy(), se:cdp: ws://localhost:60291/devtoo..., se:cdpVersion: 103.0.5060.114, setWindowRect: true, strictFileInteractability: false, timeouts: {implicit: 0, pageLoad: 300000, script: 30000}, unhandledPromptBehavior: dismiss and notify, webauthn:extension:credBlob: true, webauthn:extension:largeBlob: true, webauthn:virtualAuthenticators: true}
Session ID: 4bed6660ebed7ec2cb63b25badcdd7b7">
      <![CDATA[org.openqa.selenium.NoSuchElementException: no such element: Unable to locate element: {"method":"css selector","selector":"div[class="result"]"}
  (Session info: chrome=103.0.5060.114)
For documentation on this error, please visit: https://selenium.dev/exceptions/#no_such_element
Build info: version: '4.3.0', revision: 'a4995e2c09*'
System info: host: 'DESKTOP-1E2J1KB', ip: '192.168.1.6', os.name: 'Windows 10', os.arch: 'amd64', os.version: '10.0', java.version: '1.8.0_271'
Driver info: org.openqa.selenium.chrome.ChromeDriver
Command: [4bed6660ebed7ec2cb63b25badcdd7b7, findElement {using=css selector, value=div[class="result"]}]
Capabilities {acceptInsecureCerts: false, browserName: chrome, browserVersion: 103.0.5060.114, chrome: {chromedriverVersion: 103.0.5060.53 (a1711811edd7..., userDataDir: C:\Users\salma\AppData\Loca...}, goog:chromeOptions: {debuggerAddress: localhost:60291}, networkConnectionEnabled: false, pageLoadStrategy: normal, platformName: WINDOWS, proxy: Proxy(), se:cdp: ws://localhost:60291/devtoo..., se:cdpVersion: 103.0.5060.114, setWindowRect: true, strictFileInteractability: false, timeouts: {implicit: 0, pageLoad: 300000, script: 30000}, unhandledPromptBehavior: dismiss and notify, webauthn:extension:credBlob: true, webauthn:extension:largeBlob: true, webauthn:virtualAuthenticators: true}
Session ID: 4bed6660ebed7ec2cb63b25badcdd7b7
at sun.reflect.NativeConstructorAccessorImpl.newInstance0(Native Method)
at sun.reflect.NativeConstructorAccessorImpl.newInstance(NativeConstructorAccessorImpl.java:62)
at sun.reflect.DelegatingConstructorAccessorImpl.newInstance(DelegatingConstructorAccessorImpl.java:45)
at java.lang.reflect.Constructor.newInstance(Constructor.java:423)
at org.openqa.selenium.remote.codec.w3c.W3CHttpResponseCodec.createException(W3CHttpResponseCodec.java:200)
at org.openqa.selenium.remote.codec.w3c.W3CHttpResponseCodec.decode(W3CHttpResponseCodec.java:133)
at org.openqa.selenium.remote.codec.w3c.W3CHttpResponseCodec.decode(W3CHttpResponseCodec.java:53)
at org.openqa.selenium.remote.HttpCommandExecutor.execute(HttpCommandExecutor.java:184)
at org.openqa.selenium.remote.service.DriverCommandExecutor.invokeExecute(DriverCommandExecutor.java:167)
at org.openqa.selenium.remote.service.DriverCommandExecutor.execute(DriverCommandExecutor.java:142)
at org.openqa.selenium.remote.RemoteWebDriver.execute(RemoteWebDriver.java:569)
at org.openqa.selenium.remote.ElementLocation$ElementFinder$2.findElement(ElementLocation.java:162)
at org.openqa.selenium.remote.ElementLocation.findElement(ElementLocation.java:60)
at org.openqa.selenium.remote.RemoteWebDriver.findElement(RemoteWebDriver.java:387)
at org.openqa.selenium.remote.RemoteWebDriver.findElement(RemoteWebDriver.java:379)
at org.example.pages.P01_register.gettextarea(P01_register.java:104)
at org.example.stepDefs.D01_registerStepDef.user_register_success(D01_registerStepDef.java:92)
at ✽.success message is displayed(file:///C:/Users/salma/IdeaProjects/demonopcommerce/src/main/resources/features/F01_Register.feature:12)
]]>
    </error>
  </testcase> <!-- runScenario -->
  <system-out/>
  <testcase name="runScenario" time="14.746" classname="org.example.testRunner.runners"/>
  <system-out/>
</testsuite> <!-- org.example.testRunner.runners -->
